<?xml version="1.0" encoding="UTF-8"?>
<!-- Generated by org.testng.reporters.JUnitReportReporter -->
<testsuite hostname="ojt19-PC" name="DriverFactory.DriverScript" tests="1" failures="0" timestamp="10 Jan 2020 11:14:47 GMT" time="41.944" errors="0">
  <testcase name="ERP_Account" time="41.944" classname="DriverFactory.DriverScript"/>
</testsuite> <!-- DriverFactory.DriverScript -->
