<?xml version="1.0" encoding="UTF-8"?>
<!-- Generated by org.testng.reporters.JUnitReportReporter -->
<testsuite skipped="0" hostname="ojt19-PC" name="DriverFactory.AppTest" tests="1" failures="0" timestamp="08 Jan 2020 11:21:05 GMT" time="39.408" errors="0">
  <testcase name="startTest" time="39.408" classname="DriverFactory.AppTest"/>
</testsuite> <!-- DriverFactory.AppTest -->
